<?xml version="1.0" encoding="UTF-8"?>
<!-- Generated by org.testng.reporters.JUnitReportReporter -->
<testsuite hostname="DESKTOP-I882LUR" failures="0" tests="2" name="test.AddingContactTest" time="53.731" errors="0" timestamp="2025-04-03T13:35:31 IST" skipped="0">
  <testcase classname="test.AddingContactTest" name="addcontact" time="25.257"/>
  <testcase classname="test.AddingContactTest" name="addcontact" time="28.474"/>
</testsuite> <!-- test.AddingContactTest -->
