<?xml version="1.0" encoding="UTF-8"?>
<!-- Generated by org.testng.reporters.JUnitReportReporter -->
<testsuite hostname="DESKTOP-I882LUR" failures="0" tests="2" name="test.SignupTest" time="16.915" errors="0" timestamp="2025-04-03T13:35:31 IST" skipped="0">
  <testcase classname="test.SignupTest" name="invalidSignupTest" time="8.971"/>
  <testcase classname="test.SignupTest" name="validSignupTest" time="7.944"/>
</testsuite> <!-- test.SignupTest -->
