<?xml version="1.0" encoding="UTF-8"?>
<!-- Generated by org.testng.reporters.JUnitReportReporter -->
<testsuite hostname="DESKTOP-I882LUR" failures="0" tests="1" name="test.EditContactTest" time="19.223" errors="0" timestamp="2025-04-03T13:35:31 IST" skipped="0">
  <testcase classname="test.EditContactTest" name="contactEdit" time="19.223"/>
</testsuite> <!-- test.EditContactTest -->
