<?xml version="1.0" encoding="UTF-8"?>
<!-- Generated by org.testng.reporters.JUnitReportReporter -->
<testsuite hostname="DESKTOP-I882LUR" failures="0" tests="1" name="test.DeleteContactTest" time="12.936" errors="0" timestamp="2025-04-03T13:35:31 IST" skipped="0">
  <testcase classname="test.DeleteContactTest" name="contactDelete" time="12.936"/>
</testsuite> <!-- test.DeleteContactTest -->
