<?xml version="1.0" encoding="UTF-8"?>
<!-- Generated by org.testng.reporters.JUnitReportReporter -->
<testsuite hostname="DESKTOP-I882LUR" failures="0" tests="2" name="test.LoginTest" time="17.953" errors="0" timestamp="2025-04-03T13:35:31 IST" skipped="0">
  <testcase classname="test.LoginTest" name="valiLoginTest" time="10.941"/>
  <testcase classname="test.LoginTest" name="InvalidLoginTest" time="7.012"/>
</testsuite> <!-- test.LoginTest -->
